<?xml version="1.0" encoding="UTF-8"?>
<testng-results skipped="0" failed="0" ignored="1" total="2" passed="1">
  <reporter-output>
  </reporter-output>
  <suite name="ParameterTestSuite" duration-ms="12801" started-at="2021-02-21T19:51:38 GMT+08:00" finished-at="2021-02-21T19:51:50 GMT+08:00">
    <groups>
      <group name="Regression1">
        <method signature="AmazonHome.verifyAmazonLaunch()[pri:0, instance:amazonTest.AmazonHome@72d818d1]" name="verifyAmazonLaunch" class="amazonTest.AmazonHome"/>
      </group> <!-- Regression1 -->
    </groups>
    <test name="Test 1" duration-ms="12801" started-at="2021-02-21T19:51:38 GMT+08:00" finished-at="2021-02-21T19:51:50 GMT+08:00">
      <class name="amazonTest.AmazonHome">
        <test-method status="PASS" signature="initDriver(java.lang.String)[pri:0, instance:amazonTest.AmazonHome@72d818d1]" name="initDriver" is-config="true" duration-ms="6032" started-at="2021-02-21T19:51:38 GMT+08:00" finished-at="2021-02-21T19:51:44 GMT+08:00">
          <params>
            <param index="0">
              <value>
                <![CDATA[chrome, firefox]]>
              </value>
            </param>
          </params>
          <reporter-output>
          </reporter-output>
        </test-method> <!-- initDriver -->
        <test-method status="PASS" signature="verifyAmazonLaunch()[pri:0, instance:amazonTest.AmazonHome@72d818d1]" name="verifyAmazonLaunch" duration-ms="2032" started-at="2021-02-21T19:51:44 GMT+08:00" finished-at="2021-02-21T19:51:46 GMT+08:00">
          <reporter-output>
          </reporter-output>
        </test-method> <!-- verifyAmazonLaunch -->
        <test-method status="PASS" signature="close()[pri:0, instance:amazonTest.AmazonHome@72d818d1]" name="close" is-config="true" duration-ms="4676" started-at="2021-02-21T19:51:46 GMT+08:00" finished-at="2021-02-21T19:51:50 GMT+08:00">
          <reporter-output>
          </reporter-output>
        </test-method> <!-- close -->
      </class> <!-- amazonTest.AmazonHome -->
    </test> <!-- Test 1 -->
  </suite> <!-- ParameterTestSuite -->
</testng-results>
